<?xml version="1.0" encoding="UTF-8"?>
<testsuite xmlns:xsi="http://www.w3.org/2001/XMLSchema-instance" xsi:noNamespaceSchemaLocation="https://maven.apache.org/surefire/maven-surefire-plugin/xsd/surefire-test-report-3.0.xsd" version="3.0" name="com.animalnovels.AnimalNovelsApplicationTests" time="6.067" tests="1" errors="0" skipped="0" failures="0">
  <properties>
[...]
</properties>
  <testcase name="contextLoads" classname="com.animalnovels.AnimalNovelsApplicationTests" time="0.476">
    <system-out><![CDATA[11:59:48.272 [main] INFO org.springframework.test.context.support.AnnotationConfigContextLoaderUtils -- Could not detect default configuration classes for test class [com.animalnovels.AnimalNovelsApplicationTests]: AnimalNovelsApplicationTests does not declare any static, non-private, non-final, nested classes annotated with @Configuration.
11:59:48.363 [main] INFO org.springframework.boot.test.context.SpringBootTestContextBootstrapper -- Found @SpringBootConfiguration com.animalnovels.AnimalNovelsApplication for test class com.animalnovels.AnimalNovelsApplicationTests
11:59:48.585 [main] INFO org.springframework.boot.devtools.restart.RestartApplicationListener -- Restart disabled due to context in which it is running

  .   ____          _            __ _ _
 /\\ / ___'_ __ _ _(_)_ __  __ _ \ \ \ \
( ( )\___ | '_ | '_| | '_ \/ _` | \ \ \ \
 \\/  ___)| |_)| | | | | || (_| |  ) ) ) )
  '  |____| .__|_| |_|_| |_\__, | / / / /
 =========|_|==============|___/=/_/_/_/
 :: Spring Boot ::                (v3.2.2)

2025-03-23T11:59:48.842+01:00  INFO 54296 --- [           main] c.a.AnimalNovelsApplicationTests         : Starting AnimalNovelsApplicationTests using Java 17.0.14 with PID 54296 (started by user in C:\Users\user\Desktop\animal_novels)
2025-03-23T11:59:48.843+01:00 DEBUG 54296 --- [           main] c.a.AnimalNovelsApplicationTests         : Running with Spring Boot v3.2.2, Spring v6.1.3
2025-03-23T11:59:48.844+01:00  INFO 54296 --- [           main] c.a.AnimalNovelsApplicationTests         : No active profile set, falling back to 1 default profile: "default"
2025-03-23T11:59:48.893+01:00 DEBUG 54296 --- [           main] o.s.w.c.s.GenericWebApplicationContext   : Refreshing org.springframework.web.context.support.GenericWebApplicationContext@2f40a43
2025-03-23T11:59:49.752+01:00  INFO 54296 --- [           main] .s.d.r.c.RepositoryConfigurationDelegate : Bootstrapping Spring Data JPA repositories in DEFAULT mode.
2025-03-23T11:59:49.832+01:00  INFO 54296 --- [           main] .s.d.r.c.RepositoryConfigurationDelegate : Finished Spring Data repository scanning in 62 ms. Found 4 JPA repository interfaces.
2025-03-23T11:59:50.429+01:00  INFO 54296 --- [           main] o.hibernate.jpa.internal.util.LogHelper  : HHH000204: Processing PersistenceUnitInfo [name: default]
2025-03-23T11:59:50.519+01:00  INFO 54296 --- [           main] org.hibernate.Version                    : HHH000412: Hibernate ORM core version 6.4.1.Final
2025-03-23T11:59:50.575+01:00  INFO 54296 --- [           main] o.h.c.internal.RegionFactoryInitiator    : HHH000026: Second-level cache disabled
2025-03-23T11:59:50.937+01:00  INFO 54296 --- [           main] o.s.o.j.p.SpringPersistenceUnitInfo      : No LoadTimeWeaver setup: ignoring JPA class transformer
2025-03-23T11:59:50.979+01:00  INFO 54296 --- [           main] com.zaxxer.hikari.HikariDataSource       : HikariPool-1 - Starting...
2025-03-23T11:59:51.189+01:00  INFO 54296 --- [           main] com.zaxxer.hikari.pool.HikariPool        : HikariPool-1 - Added connection com.mysql.cj.jdbc.ConnectionImpl@4d20616a
2025-03-23T11:59:51.192+01:00  INFO 54296 --- [           main] com.zaxxer.hikari.HikariDataSource       : HikariPool-1 - Start completed.
2025-03-23T11:59:51.233+01:00  WARN 54296 --- [           main] org.hibernate.dialect.Dialect            : HHH000511: The 5.5.0 version for [org.hibernate.dialect.MySQLDialect] is no longer supported, hence certain features may not work properly. The minimum supported version is 8.0.0. Check the community dialects project for available legacy versions.
2025-03-23T11:59:52.084+01:00  INFO 54296 --- [           main] o.h.e.t.j.p.i.JtaPlatformInitiator       : HHH000489: No JTA platform available (set 'hibernate.transaction.jta.platform' to enable JTA platform integration)
2025-03-23T11:59:52.165+01:00  INFO 54296 --- [           main] j.LocalContainerEntityManagerFactoryBean : Initialized JPA EntityManagerFactory for persistence unit 'default'
2025-03-23T11:59:52.820+01:00  WARN 54296 --- [           main] JpaBaseConfiguration$JpaWebConfiguration : spring.jpa.open-in-view is enabled by default. Therefore, database queries may be performed during view rendering. Explicitly configure spring.jpa.open-in-view to disable this warning
2025-03-23T11:59:53.062+01:00 DEBUG 54296 --- [           main] s.w.s.m.m.a.RequestMappingHandlerMapping : 43 mappings in 'requestMappingHandlerMapping'
2025-03-23T11:59:53.200+01:00 DEBUG 54296 --- [           main] o.s.w.s.handler.SimpleUrlHandlerMapping  : Patterns [/webjars/**, /**] in 'resourceHandlerMapping'
2025-03-23T11:59:53.263+01:00  INFO 54296 --- [           main] o.s.s.web.DefaultSecurityFilterChain     : Will secure any request with [org.springframework.security.web.session.DisableEncodeUrlFilter@3fae357f, org.springframework.security.web.context.request.async.WebAsyncManagerIntegrationFilter@50bc0bbd, org.springframework.security.web.context.SecurityContextHolderFilter@7be9e9fc, org.springframework.security.web.header.HeaderWriterFilter@2e7563f6, org.springframework.web.filter.CorsFilter@6956081d, org.springframework.security.web.authentication.logout.LogoutFilter@3b1a3125, org.springframework.security.web.authentication.UsernamePasswordAuthenticationFilter@399acce3, org.springframework.security.web.savedrequest.RequestCacheAwareFilter@452d6fd, org.springframework.security.web.servletapi.SecurityContextHolderAwareRequestFilter@38dc1c50, org.springframework.security.web.authentication.AnonymousAuthenticationFilter@5d94c50e, org.springframework.security.web.access.ExceptionTranslationFilter@10c1682b, org.springframework.security.web.access.intercept.AuthorizationFilter@25630ede]
2025-03-23T11:59:53.495+01:00 DEBUG 54296 --- [           main] s.w.s.m.m.a.RequestMappingHandlerAdapter : ControllerAdvice beans: 0 @ModelAttribute, 0 @InitBinder, 1 RequestBodyAdvice, 1 ResponseBodyAdvice
2025-03-23T11:59:53.534+01:00 DEBUG 54296 --- [           main] .m.m.a.ExceptionHandlerExceptionResolver : ControllerAdvice beans: 0 @ExceptionHandler, 1 ResponseBodyAdvice
2025-03-23T11:59:53.671+01:00  INFO 54296 --- [           main] c.a.AnimalNovelsApplicationTests         : Started AnimalNovelsApplicationTests in 5.101 seconds (process running for 6.034)
]]></system-out>
  </testcase>
</testsuite>